2025-08-10 11:07:08 WARN  [HikariPool-7:housekeeper] com.zaxxer.hikari.pool.HikariPool - HikariPool-7 - Thread starvation or clock leap detected (housekeeper delta=12h23m260ms396µs400ns).
2025-08-10 11:07:23 INFO  [http-nio-8080-exec-1] o.a.c.c.C.[Tomcat].[localhost].[/] - Initializing Spring DispatcherServlet 'dispatcherServlet'
2025-08-10 11:07:23 INFO  [http-nio-8080-exec-1] o.s.web.servlet.DispatcherServlet - Initializing Servlet 'dispatcherServlet'
2025-08-10 11:07:23 INFO  [http-nio-8080-exec-1] o.s.web.servlet.DispatcherServlet - Completed initialization in 5 ms
2025-08-10 11:07:23 DEBUG [http-nio-8080-exec-1] o.s.security.web.FilterChainProxy - Securing OPTIONS /api/orders/user/3
2025-08-10 11:07:23 DEBUG [http-nio-8080-exec-2] o.s.security.web.FilterChainProxy - Securing OPTIONS /api/orders/user/3
2025-08-10 11:07:23 DEBUG [http-nio-8080-exec-3] o.s.security.web.FilterChainProxy - Securing GET /api/visits/footer
2025-08-10 11:07:23 DEBUG [http-nio-8080-exec-3] o.s.s.w.a.AnonymousAuthenticationFilter - Set SecurityContextHolder to anonymous SecurityContext
2025-08-10 11:07:23 DEBUG [http-nio-8080-exec-3] o.s.security.web.FilterChainProxy - Secured GET /api/visits/footer
2025-08-10 11:07:23 DEBUG [http-nio-8080-exec-4] o.s.security.web.FilterChainProxy - Securing GET /api/orders/user/3
2025-08-10 11:07:23 DEBUG [http-nio-8080-exec-5] o.s.security.web.FilterChainProxy - Securing GET /api/visits/footer
2025-08-10 11:07:23 DEBUG [http-nio-8080-exec-5] o.s.s.w.a.AnonymousAuthenticationFilter - Set SecurityContextHolder to anonymous SecurityContext
2025-08-10 11:07:23 DEBUG [http-nio-8080-exec-5] o.s.security.web.FilterChainProxy - Secured GET /api/visits/footer
2025-08-10 11:07:23 DEBUG [http-nio-8080-exec-4] o.s.security.web.FilterChainProxy - Secured GET /api/orders/user/3
2025-08-10 11:07:23 INFO  [http-nio-8080-exec-4] c.m.controller.ProductController - Received request to fetch orders for userId: 3
2025-08-10 11:07:23 DEBUG [http-nio-8080-exec-6] o.s.security.web.FilterChainProxy - Securing GET /api/orders/user/3
2025-08-10 11:07:23 DEBUG [http-nio-8080-exec-6] o.s.security.web.FilterChainProxy - Secured GET /api/orders/user/3
2025-08-10 11:07:23 INFO  [http-nio-8080-exec-6] c.m.controller.ProductController - Received request to fetch orders for userId: 3
2025-08-10 11:07:42 INFO  [RMI TCP Connection(69)-127.0.0.1] o.s.b.a.SpringApplicationAdminMXBeanRegistrar$SpringApplicationAdmin - Application shutdown requested.
2025-08-10 11:07:42 INFO  [RMI TCP Connection(69)-127.0.0.1] o.s.b.w.e.tomcat.GracefulShutdown - Commencing graceful shutdown. Waiting for active requests to complete
2025-08-10 11:07:43 INFO  [tomcat-shutdown] o.s.b.w.e.tomcat.GracefulShutdown - Graceful shutdown complete
2025-08-10 11:07:43 INFO  [RMI TCP Connection(69)-127.0.0.1] o.s.o.j.LocalContainerEntityManagerFactoryBean - Closing JPA EntityManagerFactory for persistence unit 'default'
2025-08-10 11:07:43 INFO  [RMI TCP Connection(69)-127.0.0.1] com.zaxxer.hikari.HikariDataSource - HikariPool-7 - Shutdown initiated...
2025-08-10 11:07:43 INFO  [RMI TCP Connection(69)-127.0.0.1] com.zaxxer.hikari.HikariDataSource - HikariPool-7 - Shutdown completed.
2025-08-10 11:08:17 INFO  [restartedMain] c.mazoraapp.MazoraBackendApplication - Starting MazoraBackendApplication using Java 17.0.2 with PID 4640 (E:\SpringBootWorkLatestAug25\mazora-backend\target\classes started by Mahboob in E:\SpringBootWorkLatestAug25\mazora-backend)
2025-08-10 11:08:17 INFO  [restartedMain] c.mazoraapp.MazoraBackendApplication - The following 1 profile is active: "dev"
2025-08-10 11:08:17 INFO  [restartedMain] o.s.b.d.e.DevToolsPropertyDefaultsPostProcessor - Devtools property defaults active! Set 'spring.devtools.add-properties' to 'false' to disable
2025-08-10 11:08:17 INFO  [restartedMain] o.s.b.d.e.DevToolsPropertyDefaultsPostProcessor - For additional web related logging consider setting the 'logging.level.web' property to 'DEBUG'
2025-08-10 11:08:19 INFO  [restartedMain] o.s.d.r.c.RepositoryConfigurationDelegate - Bootstrapping Spring Data JPA repositories in DEFAULT mode.
2025-08-10 11:08:19 INFO  [restartedMain] o.s.d.r.c.RepositoryConfigurationDelegate - Finished Spring Data repository scanning in 123 ms. Found 5 JPA repository interfaces.
2025-08-10 11:08:20 INFO  [restartedMain] o.s.b.w.e.tomcat.TomcatWebServer - Tomcat initialized with port 8080 (http)
2025-08-10 11:08:20 INFO  [restartedMain] o.a.catalina.core.StandardService - Starting service [Tomcat]
2025-08-10 11:08:20 INFO  [restartedMain] o.a.catalina.core.StandardEngine - Starting Servlet engine: [Apache Tomcat/10.1.42]
2025-08-10 11:08:20 INFO  [restartedMain] o.a.c.c.C.[Tomcat].[localhost].[/] - Initializing Spring embedded WebApplicationContext
2025-08-10 11:08:20 INFO  [restartedMain] o.s.b.w.s.c.ServletWebServerApplicationContext - Root WebApplicationContext: initialization completed in 3299 ms
2025-08-10 11:08:20 INFO  [restartedMain] o.h.jpa.internal.util.LogHelper - HHH000204: Processing PersistenceUnitInfo [name: default]
2025-08-10 11:08:20 INFO  [restartedMain] org.hibernate.Version - HHH000412: Hibernate ORM core version 6.6.18.Final
2025-08-10 11:08:21 INFO  [restartedMain] o.h.c.i.RegionFactoryInitiator - HHH000026: Second-level cache disabled
2025-08-10 11:08:21 INFO  [restartedMain] o.s.o.j.p.SpringPersistenceUnitInfo - No LoadTimeWeaver setup: ignoring JPA class transformer
2025-08-10 11:08:21 INFO  [restartedMain] com.zaxxer.hikari.HikariDataSource - HikariPool-1 - Starting...
2025-08-10 11:08:21 INFO  [restartedMain] com.zaxxer.hikari.pool.HikariPool - HikariPool-1 - Added connection com.mysql.cj.jdbc.ConnectionImpl@67dd9107
2025-08-10 11:08:21 INFO  [restartedMain] com.zaxxer.hikari.HikariDataSource - HikariPool-1 - Start completed.
2025-08-10 11:08:21 WARN  [restartedMain] org.hibernate.orm.deprecation - HHH90000025: MySQL8Dialect does not need to be specified explicitly using 'hibernate.dialect' (remove the property setting and it will be selected by default)
2025-08-10 11:08:21 WARN  [restartedMain] org.hibernate.orm.deprecation - HHH90000026: MySQL8Dialect has been deprecated; use org.hibernate.dialect.MySQLDialect instead
2025-08-10 11:08:21 INFO  [restartedMain] o.hibernate.orm.connections.pooling - HHH10001005: Database info:
	Database JDBC URL [Connecting through datasource 'HikariDataSource (HikariPool-1)']
	Database driver: undefined/unknown
	Database version: 8.0
	Autocommit mode: undefined/unknown
	Isolation level: undefined/unknown
	Minimum pool size: undefined/unknown
	Maximum pool size: undefined/unknown
2025-08-10 11:08:23 INFO  [restartedMain] o.h.e.t.j.p.i.JtaPlatformInitiator - HHH000489: No JTA platform available (set 'hibernate.transaction.jta.platform' to enable JTA platform integration)
2025-08-10 11:08:23 INFO  [restartedMain] o.s.o.j.LocalContainerEntityManagerFactoryBean - Initialized JPA EntityManagerFactory for persistence unit 'default'
2025-08-10 11:08:24 WARN  [restartedMain] o.s.b.a.o.j.JpaBaseConfiguration$JpaWebConfiguration - spring.jpa.open-in-view is enabled by default. Therefore, database queries may be performed during view rendering. Explicitly configure spring.jpa.open-in-view to disable this warning
2025-08-10 11:08:24 INFO  [restartedMain] o.s.s.c.a.a.c.InitializeAuthenticationProviderBeanManagerConfigurer$InitializeAuthenticationProviderManagerConfigurer - Global AuthenticationManager configured with AuthenticationProvider bean with name authenticationProvider
2025-08-10 11:08:24 WARN  [restartedMain] o.s.s.c.a.a.c.InitializeUserDetailsBeanManagerConfigurer$InitializeUserDetailsManagerConfigurer - Global AuthenticationManager configured with an AuthenticationProvider bean. UserDetailsService beans will not be used by Spring Security for automatically configuring username/password login. Consider removing the AuthenticationProvider bean. Alternatively, consider using the UserDetailsService in a manually instantiated DaoAuthenticationProvider. If the current configuration is intentional, to turn off this warning, increase the logging level of 'org.springframework.security.config.annotation.authentication.configuration.InitializeUserDetailsBeanManagerConfigurer' to ERROR
2025-08-10 11:08:24 DEBUG [restartedMain] o.s.s.web.DefaultSecurityFilterChain - Will secure any request with filters: DisableEncodeUrlFilter, WebAsyncManagerIntegrationFilter, SecurityContextHolderFilter, HeaderWriterFilter, CorsFilter, LogoutFilter, JwtAuthenticationFilter, RequestCacheAwareFilter, SecurityContextHolderAwareRequestFilter, AnonymousAuthenticationFilter, SessionManagementFilter, ExceptionTranslationFilter, AuthorizationFilter
2025-08-10 11:08:25 INFO  [restartedMain] o.s.b.d.a.OptionalLiveReloadServer - LiveReload server is running on port 35729
2025-08-10 11:08:25 INFO  [restartedMain] o.s.b.w.e.tomcat.TomcatWebServer - Tomcat started on port 8080 (http) with context path '/'
2025-08-10 11:08:25 INFO  [restartedMain] c.mazoraapp.MazoraBackendApplication - Started MazoraBackendApplication in 8.965 seconds (process running for 10.34)
2025-08-10 11:34:00 WARN  [HikariPool-1:housekeeper] com.zaxxer.hikari.pool.HikariPool - HikariPool-1 - Thread starvation or clock leap detected (housekeeper delta=10m8s463ms678µs300ns).
2025-08-10 11:34:26 INFO  [http-nio-8080-exec-1] o.a.c.c.C.[Tomcat].[localhost].[/] - Initializing Spring DispatcherServlet 'dispatcherServlet'
2025-08-10 11:34:26 INFO  [http-nio-8080-exec-1] o.s.web.servlet.DispatcherServlet - Initializing Servlet 'dispatcherServlet'
2025-08-10 11:34:26 INFO  [http-nio-8080-exec-1] o.s.web.servlet.DispatcherServlet - Completed initialization in 5 ms
2025-08-10 11:34:26 DEBUG [http-nio-8080-exec-2] o.s.security.web.FilterChainProxy - Securing GET /api/orders/user/3
2025-08-10 11:34:26 DEBUG [http-nio-8080-exec-1] o.s.security.web.FilterChainProxy - Securing GET /api/visits/footer
2025-08-10 11:34:26 DEBUG [http-nio-8080-exec-1] o.s.s.w.a.AnonymousAuthenticationFilter - Set SecurityContextHolder to anonymous SecurityContext
2025-08-10 11:34:26 DEBUG [http-nio-8080-exec-1] o.s.security.web.FilterChainProxy - Secured GET /api/visits/footer
2025-08-10 11:34:26 DEBUG [http-nio-8080-exec-2] o.s.security.web.FilterChainProxy - Secured GET /api/orders/user/3
2025-08-10 11:34:26 INFO  [http-nio-8080-exec-2] c.m.controller.ProductController - Received request to fetch orders for userId: 3
2025-08-10 11:34:26 DEBUG [http-nio-8080-exec-3] o.s.security.web.FilterChainProxy - Securing GET /api/visits/footer
2025-08-10 11:34:26 DEBUG [http-nio-8080-exec-3] o.s.s.w.a.AnonymousAuthenticationFilter - Set SecurityContextHolder to anonymous SecurityContext
2025-08-10 11:34:26 DEBUG [http-nio-8080-exec-3] o.s.security.web.FilterChainProxy - Secured GET /api/visits/footer
2025-08-10 11:34:26 DEBUG [http-nio-8080-exec-4] o.s.security.web.FilterChainProxy - Securing GET /api/orders/user/3
2025-08-10 11:34:27 DEBUG [http-nio-8080-exec-4] o.s.security.web.FilterChainProxy - Secured GET /api/orders/user/3
2025-08-10 11:34:27 INFO  [http-nio-8080-exec-4] c.m.controller.ProductController - Received request to fetch orders for userId: 3
2025-08-10 11:34:48 DEBUG [http-nio-8080-exec-5] o.s.security.web.FilterChainProxy - Securing POST /api/visits/footer
2025-08-10 11:34:48 DEBUG [http-nio-8080-exec-5] o.s.s.w.a.AnonymousAuthenticationFilter - Set SecurityContextHolder to anonymous SecurityContext
2025-08-10 11:34:48 DEBUG [http-nio-8080-exec-5] o.s.security.web.FilterChainProxy - Secured POST /api/visits/footer
2025-08-10 11:34:48 DEBUG [http-nio-8080-exec-6] o.s.security.web.FilterChainProxy - Securing POST /api/visits/footer
2025-08-10 11:34:48 DEBUG [http-nio-8080-exec-6] o.s.s.w.a.AnonymousAuthenticationFilter - Set SecurityContextHolder to anonymous SecurityContext
2025-08-10 11:34:48 DEBUG [http-nio-8080-exec-6] o.s.security.web.FilterChainProxy - Secured POST /api/visits/footer
2025-08-10 11:34:53 DEBUG [http-nio-8080-exec-7] o.s.security.web.FilterChainProxy - Securing GET /api/visits/footer
2025-08-10 11:34:53 DEBUG [http-nio-8080-exec-7] o.s.s.w.a.AnonymousAuthenticationFilter - Set SecurityContextHolder to anonymous SecurityContext
2025-08-10 11:34:53 DEBUG [http-nio-8080-exec-7] o.s.security.web.FilterChainProxy - Secured GET /api/visits/footer
2025-08-10 11:34:53 DEBUG [http-nio-8080-exec-8] o.s.security.web.FilterChainProxy - Securing GET /api/visits/footer
2025-08-10 11:34:53 DEBUG [http-nio-8080-exec-8] o.s.s.w.a.AnonymousAuthenticationFilter - Set SecurityContextHolder to anonymous SecurityContext
2025-08-10 11:34:53 DEBUG [http-nio-8080-exec-8] o.s.security.web.FilterChainProxy - Secured GET /api/visits/footer
2025-08-10 11:35:17 DEBUG [http-nio-8080-exec-9] o.s.security.web.FilterChainProxy - Securing OPTIONS /api/auth/login
2025-08-10 11:35:17 DEBUG [http-nio-8080-exec-10] o.s.security.web.FilterChainProxy - Securing POST /api/auth/login
2025-08-10 11:35:17 DEBUG [http-nio-8080-exec-10] o.s.s.w.a.AnonymousAuthenticationFilter - Set SecurityContextHolder to anonymous SecurityContext
2025-08-10 11:35:17 DEBUG [http-nio-8080-exec-10] o.s.security.web.FilterChainProxy - Secured POST /api/auth/login
2025-08-10 11:35:17 INFO  [http-nio-8080-exec-10] c.m.controller.ProductController - Login try by  user: tiwarimukesh@example.com
2025-08-10 11:36:05 DEBUG [http-nio-8080-exec-6] o.s.security.web.FilterChainProxy - Securing POST /api/auth/login
2025-08-10 11:36:05 DEBUG [http-nio-8080-exec-6] o.s.s.w.a.AnonymousAuthenticationFilter - Set SecurityContextHolder to anonymous SecurityContext
2025-08-10 11:36:05 DEBUG [http-nio-8080-exec-6] o.s.security.web.FilterChainProxy - Secured POST /api/auth/login
2025-08-10 11:36:05 INFO  [http-nio-8080-exec-6] c.m.controller.ProductController - Login try by  user: tiwarimukesh@example.com
2025-08-10 11:36:10 DEBUG [http-nio-8080-exec-5] o.s.security.web.FilterChainProxy - Securing GET /api/products
2025-08-10 11:36:10 DEBUG [http-nio-8080-exec-5] o.s.s.w.a.AnonymousAuthenticationFilter - Set SecurityContextHolder to anonymous SecurityContext
2025-08-10 11:36:10 DEBUG [http-nio-8080-exec-5] o.s.security.web.FilterChainProxy - Secured GET /api/products
2025-08-10 11:36:10 INFO  [http-nio-8080-exec-5] c.m.controller.ProductController - Received product fetched  request
2025-08-10 11:36:10 DEBUG [http-nio-8080-exec-7] o.s.security.web.FilterChainProxy - Securing GET /api/products
2025-08-10 11:36:10 DEBUG [http-nio-8080-exec-7] o.s.s.w.a.AnonymousAuthenticationFilter - Set SecurityContextHolder to anonymous SecurityContext
2025-08-10 11:36:10 DEBUG [http-nio-8080-exec-7] o.s.security.web.FilterChainProxy - Secured GET /api/products
2025-08-10 11:36:10 INFO  [http-nio-8080-exec-7] c.m.controller.ProductController - Received product fetched  request
2025-08-10 11:36:14 DEBUG [http-nio-8080-exec-9] o.s.security.web.FilterChainProxy - Securing GET /api/visits/footer
2025-08-10 11:36:14 DEBUG [http-nio-8080-exec-8] o.s.security.web.FilterChainProxy - Securing GET /api/products
2025-08-10 11:36:14 DEBUG [http-nio-8080-exec-9] o.s.s.w.a.AnonymousAuthenticationFilter - Set SecurityContextHolder to anonymous SecurityContext
2025-08-10 11:36:14 DEBUG [http-nio-8080-exec-8] o.s.s.w.a.AnonymousAuthenticationFilter - Set SecurityContextHolder to anonymous SecurityContext
2025-08-10 11:36:14 DEBUG [http-nio-8080-exec-8] o.s.security.web.FilterChainProxy - Secured GET /api/products
2025-08-10 11:36:14 DEBUG [http-nio-8080-exec-9] o.s.security.web.FilterChainProxy - Secured GET /api/visits/footer
2025-08-10 11:36:14 INFO  [http-nio-8080-exec-8] c.m.controller.ProductController - Received product fetched  request
2025-08-10 11:36:14 DEBUG [http-nio-8080-exec-10] o.s.security.web.FilterChainProxy - Securing GET /api/visits/footer
2025-08-10 11:36:14 DEBUG [http-nio-8080-exec-8] o.s.security.web.FilterChainProxy - Securing GET /api/products
2025-08-10 11:36:14 DEBUG [http-nio-8080-exec-8] o.s.s.w.a.AnonymousAuthenticationFilter - Set SecurityContextHolder to anonymous SecurityContext
2025-08-10 11:36:14 DEBUG [http-nio-8080-exec-8] o.s.security.web.FilterChainProxy - Secured GET /api/products
2025-08-10 11:36:14 DEBUG [http-nio-8080-exec-10] o.s.s.w.a.AnonymousAuthenticationFilter - Set SecurityContextHolder to anonymous SecurityContext
2025-08-10 11:36:14 DEBUG [http-nio-8080-exec-10] o.s.security.web.FilterChainProxy - Secured GET /api/visits/footer
2025-08-10 11:36:14 INFO  [http-nio-8080-exec-8] c.m.controller.ProductController - Received product fetched  request
2025-08-10 11:36:22 DEBUG [http-nio-8080-exec-2] o.s.security.web.FilterChainProxy - Securing GET /api/products/30
2025-08-10 11:36:22 DEBUG [http-nio-8080-exec-2] o.s.s.w.a.AnonymousAuthenticationFilter - Set SecurityContextHolder to anonymous SecurityContext
2025-08-10 11:36:22 DEBUG [http-nio-8080-exec-2] o.s.security.web.FilterChainProxy - Secured GET /api/products/30
2025-08-10 11:36:22 INFO  [http-nio-8080-exec-2] c.m.controller.ProductController - Fetching product by id: 30
2025-08-10 11:36:22 DEBUG [http-nio-8080-exec-1] o.s.security.web.FilterChainProxy - Securing GET /api/products/30
2025-08-10 11:36:22 DEBUG [http-nio-8080-exec-1] o.s.s.w.a.AnonymousAuthenticationFilter - Set SecurityContextHolder to anonymous SecurityContext
2025-08-10 11:36:22 DEBUG [http-nio-8080-exec-1] o.s.security.web.FilterChainProxy - Secured GET /api/products/30
2025-08-10 11:36:22 INFO  [http-nio-8080-exec-1] c.m.controller.ProductController - Fetching product by id: 30
2025-08-10 11:36:38 DEBUG [http-nio-8080-exec-4] o.s.security.web.FilterChainProxy - Securing OPTIONS /api/orders
2025-08-10 11:36:38 DEBUG [http-nio-8080-exec-6] o.s.security.web.FilterChainProxy - Securing POST /api/orders
2025-08-10 11:36:38 DEBUG [http-nio-8080-exec-6] o.s.security.web.FilterChainProxy - Secured POST /api/orders
2025-08-10 11:36:38 INFO  [http-nio-8080-exec-6] c.m.controller.ProductController - order placing by user for product: 3,[OrderItemRequest(productId=30, quantity=1)]
2025-08-10 11:36:38 DEBUG [http-nio-8080-exec-5] o.s.security.web.FilterChainProxy - Securing OPTIONS /api/orders/user/3
2025-08-10 11:36:38 DEBUG [http-nio-8080-exec-7] o.s.security.web.FilterChainProxy - Securing OPTIONS /api/orders/user/3
2025-08-10 11:36:38 DEBUG [http-nio-8080-exec-5] o.s.security.web.FilterChainProxy - Securing GET /api/orders/user/3
2025-08-10 11:36:39 DEBUG [http-nio-8080-exec-5] o.s.security.web.FilterChainProxy - Secured GET /api/orders/user/3
2025-08-10 11:36:39 INFO  [http-nio-8080-exec-5] c.m.controller.ProductController - Received request to fetch orders for userId: 3
2025-08-10 11:36:39 DEBUG [http-nio-8080-exec-9] o.s.security.web.FilterChainProxy - Securing GET /api/orders/user/3
2025-08-10 11:36:39 DEBUG [http-nio-8080-exec-9] o.s.security.web.FilterChainProxy - Secured GET /api/orders/user/3
2025-08-10 11:36:39 INFO  [http-nio-8080-exec-9] c.m.controller.ProductController - Received request to fetch orders for userId: 3
2025-08-10 11:38:04 DEBUG [http-nio-8080-exec-2] o.s.security.web.FilterChainProxy - Securing POST /api/visits/footer
2025-08-10 11:38:04 DEBUG [http-nio-8080-exec-2] o.s.s.w.a.AnonymousAuthenticationFilter - Set SecurityContextHolder to anonymous SecurityContext
2025-08-10 11:38:04 DEBUG [http-nio-8080-exec-2] o.s.security.web.FilterChainProxy - Secured POST /api/visits/footer
2025-08-10 11:38:04 DEBUG [http-nio-8080-exec-1] o.s.security.web.FilterChainProxy - Securing POST /api/visits/footer
2025-08-10 11:38:04 DEBUG [http-nio-8080-exec-1] o.s.s.w.a.AnonymousAuthenticationFilter - Set SecurityContextHolder to anonymous SecurityContext
2025-08-10 11:38:04 DEBUG [http-nio-8080-exec-1] o.s.security.web.FilterChainProxy - Secured POST /api/visits/footer
2025-08-10 11:38:24 INFO  [File Watcher] o.s.b.d.a.LocalDevToolsAutoConfiguration$RestartingClassPathChangeChangedEventListener - Restarting due to 1 class path change (0 additions, 0 deletions, 1 modification)
2025-08-10 11:38:24 INFO  [Thread-5] o.s.b.w.e.tomcat.GracefulShutdown - Commencing graceful shutdown. Waiting for active requests to complete
2025-08-10 11:38:25 INFO  [tomcat-shutdown] o.s.b.w.e.tomcat.GracefulShutdown - Graceful shutdown complete
2025-08-10 11:38:25 INFO  [Thread-5] o.s.o.j.LocalContainerEntityManagerFactoryBean - Closing JPA EntityManagerFactory for persistence unit 'default'
2025-08-10 11:38:25 INFO  [Thread-5] com.zaxxer.hikari.HikariDataSource - HikariPool-1 - Shutdown initiated...
2025-08-10 11:38:25 INFO  [Thread-5] com.zaxxer.hikari.HikariDataSource - HikariPool-1 - Shutdown completed.
2025-08-10 11:38:25 INFO  [restartedMain] c.mazoraapp.MazoraBackendApplication - Starting MazoraBackendApplication using Java 17.0.2 with PID 4640 (E:\SpringBootWorkLatestAug25\mazora-backend\target\classes started by Mahboob in E:\SpringBootWorkLatestAug25\mazora-backend)
2025-08-10 11:38:25 INFO  [restartedMain] c.mazoraapp.MazoraBackendApplication - The following 1 profile is active: "dev"
2025-08-10 11:38:26 INFO  [restartedMain] o.s.d.r.c.RepositoryConfigurationDelegate - Bootstrapping Spring Data JPA repositories in DEFAULT mode.
2025-08-10 11:38:26 INFO  [restartedMain] o.s.d.r.c.RepositoryConfigurationDelegate - Finished Spring Data repository scanning in 26 ms. Found 5 JPA repository interfaces.
2025-08-10 11:38:26 INFO  [restartedMain] o.s.b.w.e.tomcat.TomcatWebServer - Tomcat initialized with port 8080 (http)
2025-08-10 11:38:26 INFO  [restartedMain] o.a.catalina.core.StandardService - Starting service [Tomcat]
2025-08-10 11:38:26 INFO  [restartedMain] o.a.catalina.core.StandardEngine - Starting Servlet engine: [Apache Tomcat/10.1.42]
2025-08-10 11:38:26 INFO  [restartedMain] o.a.c.c.C.[Tomcat].[localhost].[/] - Initializing Spring embedded WebApplicationContext
2025-08-10 11:38:26 INFO  [restartedMain] o.s.b.w.s.c.ServletWebServerApplicationContext - Root WebApplicationContext: initialization completed in 1220 ms
2025-08-10 11:38:26 INFO  [restartedMain] o.h.jpa.internal.util.LogHelper - HHH000204: Processing PersistenceUnitInfo [name: default]
2025-08-10 11:38:26 INFO  [restartedMain] o.h.c.i.RegionFactoryInitiator - HHH000026: Second-level cache disabled
2025-08-10 11:38:26 INFO  [restartedMain] o.s.o.j.p.SpringPersistenceUnitInfo - No LoadTimeWeaver setup: ignoring JPA class transformer
2025-08-10 11:38:26 INFO  [restartedMain] com.zaxxer.hikari.HikariDataSource - HikariPool-2 - Starting...
2025-08-10 11:38:26 INFO  [restartedMain] com.zaxxer.hikari.pool.HikariPool - HikariPool-2 - Added connection com.mysql.cj.jdbc.ConnectionImpl@1b306812
2025-08-10 11:38:26 INFO  [restartedMain] com.zaxxer.hikari.HikariDataSource - HikariPool-2 - Start completed.
2025-08-10 11:38:26 WARN  [restartedMain] org.hibernate.orm.deprecation - HHH90000025: MySQL8Dialect does not need to be specified explicitly using 'hibernate.dialect' (remove the property setting and it will be selected by default)
2025-08-10 11:38:26 WARN  [restartedMain] org.hibernate.orm.deprecation - HHH90000026: MySQL8Dialect has been deprecated; use org.hibernate.dialect.MySQLDialect instead
2025-08-10 11:38:26 INFO  [restartedMain] o.hibernate.orm.connections.pooling - HHH10001005: Database info:
	Database JDBC URL [Connecting through datasource 'HikariDataSource (HikariPool-2)']
	Database driver: undefined/unknown
	Database version: 8.0
	Autocommit mode: undefined/unknown
	Isolation level: undefined/unknown
	Minimum pool size: undefined/unknown
	Maximum pool size: undefined/unknown
2025-08-10 11:38:26 INFO  [restartedMain] o.h.e.t.j.p.i.JtaPlatformInitiator - HHH000489: No JTA platform available (set 'hibernate.transaction.jta.platform' to enable JTA platform integration)
2025-08-10 11:38:27 INFO  [restartedMain] o.s.o.j.LocalContainerEntityManagerFactoryBean - Initialized JPA EntityManagerFactory for persistence unit 'default'
2025-08-10 11:38:27 WARN  [restartedMain] o.s.b.a.o.j.JpaBaseConfiguration$JpaWebConfiguration - spring.jpa.open-in-view is enabled by default. Therefore, database queries may be performed during view rendering. Explicitly configure spring.jpa.open-in-view to disable this warning
2025-08-10 11:38:27 INFO  [restartedMain] o.s.s.c.a.a.c.InitializeAuthenticationProviderBeanManagerConfigurer$InitializeAuthenticationProviderManagerConfigurer - Global AuthenticationManager configured with AuthenticationProvider bean with name authenticationProvider
2025-08-10 11:38:27 WARN  [restartedMain] o.s.s.c.a.a.c.InitializeUserDetailsBeanManagerConfigurer$InitializeUserDetailsManagerConfigurer - Global AuthenticationManager configured with an AuthenticationProvider bean. UserDetailsService beans will not be used by Spring Security for automatically configuring username/password login. Consider removing the AuthenticationProvider bean. Alternatively, consider using the UserDetailsService in a manually instantiated DaoAuthenticationProvider. If the current configuration is intentional, to turn off this warning, increase the logging level of 'org.springframework.security.config.annotation.authentication.configuration.InitializeUserDetailsBeanManagerConfigurer' to ERROR
2025-08-10 11:38:27 DEBUG [restartedMain] o.s.s.web.DefaultSecurityFilterChain - Will secure any request with filters: DisableEncodeUrlFilter, WebAsyncManagerIntegrationFilter, SecurityContextHolderFilter, HeaderWriterFilter, CorsFilter, LogoutFilter, JwtAuthenticationFilter, RequestCacheAwareFilter, SecurityContextHolderAwareRequestFilter, AnonymousAuthenticationFilter, SessionManagementFilter, ExceptionTranslationFilter, AuthorizationFilter
2025-08-10 11:38:27 INFO  [restartedMain] o.s.b.d.a.OptionalLiveReloadServer - LiveReload server is running on port 35729
2025-08-10 11:38:27 INFO  [restartedMain] o.s.b.w.e.tomcat.TomcatWebServer - Tomcat started on port 8080 (http) with context path '/'
2025-08-10 11:38:27 INFO  [restartedMain] c.mazoraapp.MazoraBackendApplication - Started MazoraBackendApplication in 2.091 seconds (process running for 1812.495)
2025-08-10 11:38:27 INFO  [restartedMain] o.s.b.d.a.ConditionEvaluationDeltaLoggingListener - Condition evaluation unchanged
2025-08-10 11:39:39 INFO  [http-nio-8080-exec-1] o.a.c.c.C.[Tomcat].[localhost].[/] - Initializing Spring DispatcherServlet 'dispatcherServlet'
2025-08-10 11:39:39 INFO  [http-nio-8080-exec-1] o.s.web.servlet.DispatcherServlet - Initializing Servlet 'dispatcherServlet'
2025-08-10 11:39:39 INFO  [http-nio-8080-exec-1] o.s.web.servlet.DispatcherServlet - Completed initialization in 3 ms
2025-08-10 11:39:39 DEBUG [http-nio-8080-exec-2] o.s.security.web.FilterChainProxy - Securing OPTIONS /api/orders/user/3
2025-08-10 11:39:39 DEBUG [http-nio-8080-exec-1] o.s.security.web.FilterChainProxy - Securing OPTIONS /api/orders/user/3
2025-08-10 11:39:39 DEBUG [http-nio-8080-exec-3] o.s.security.web.FilterChainProxy - Securing GET /api/orders/user/3
2025-08-10 11:39:39 DEBUG [http-nio-8080-exec-3] o.s.security.web.FilterChainProxy - Secured GET /api/orders/user/3
2025-08-10 11:39:39 INFO  [http-nio-8080-exec-3] c.m.controller.ProductController - Received request to fetch orders for userId: 3
2025-08-10 11:39:39 DEBUG [http-nio-8080-exec-4] o.s.security.web.FilterChainProxy - Securing GET /api/orders/user/3
2025-08-10 11:39:39 DEBUG [http-nio-8080-exec-4] o.s.security.web.FilterChainProxy - Secured GET /api/orders/user/3
2025-08-10 11:39:39 INFO  [http-nio-8080-exec-4] c.m.controller.ProductController - Received request to fetch orders for userId: 3
2025-08-10 11:40:03 DEBUG [http-nio-8080-exec-5] o.s.security.web.FilterChainProxy - Securing GET /api/orders/user/3
2025-08-10 11:40:03 DEBUG [http-nio-8080-exec-6] o.s.security.web.FilterChainProxy - Securing GET /api/visits/footer
2025-08-10 11:40:03 DEBUG [http-nio-8080-exec-6] o.s.s.w.a.AnonymousAuthenticationFilter - Set SecurityContextHolder to anonymous SecurityContext
2025-08-10 11:40:03 DEBUG [http-nio-8080-exec-6] o.s.security.web.FilterChainProxy - Secured GET /api/visits/footer
2025-08-10 11:40:03 DEBUG [http-nio-8080-exec-5] o.s.security.web.FilterChainProxy - Secured GET /api/orders/user/3
2025-08-10 11:40:03 INFO  [http-nio-8080-exec-5] c.m.controller.ProductController - Received request to fetch orders for userId: 3
2025-08-10 11:40:03 DEBUG [http-nio-8080-exec-7] o.s.security.web.FilterChainProxy - Securing GET /api/visits/footer
2025-08-10 11:40:03 DEBUG [http-nio-8080-exec-7] o.s.s.w.a.AnonymousAuthenticationFilter - Set SecurityContextHolder to anonymous SecurityContext
2025-08-10 11:40:03 DEBUG [http-nio-8080-exec-7] o.s.security.web.FilterChainProxy - Secured GET /api/visits/footer
2025-08-10 11:40:03 DEBUG [http-nio-8080-exec-8] o.s.security.web.FilterChainProxy - Securing GET /api/orders/user/3
2025-08-10 11:40:03 DEBUG [http-nio-8080-exec-8] o.s.security.web.FilterChainProxy - Secured GET /api/orders/user/3
2025-08-10 11:40:03 INFO  [http-nio-8080-exec-8] c.m.controller.ProductController - Received request to fetch orders for userId: 3
2025-08-10 11:40:18 DEBUG [http-nio-8080-exec-9] o.s.security.web.FilterChainProxy - Securing POST /api/auth/login
2025-08-10 11:40:18 DEBUG [http-nio-8080-exec-9] o.s.s.w.a.AnonymousAuthenticationFilter - Set SecurityContextHolder to anonymous SecurityContext
2025-08-10 11:40:18 DEBUG [http-nio-8080-exec-9] o.s.security.web.FilterChainProxy - Secured POST /api/auth/login
2025-08-10 11:40:18 INFO  [http-nio-8080-exec-9] c.m.controller.ProductController - Login try by  user: tiwarimukesh@example.com
2025-08-10 11:40:23 DEBUG [http-nio-8080-exec-10] o.s.security.web.FilterChainProxy - Securing GET /api/orders/user/3
2025-08-10 11:40:23 DEBUG [http-nio-8080-exec-10] o.s.security.web.FilterChainProxy - Secured GET /api/orders/user/3
2025-08-10 11:40:23 INFO  [http-nio-8080-exec-10] c.m.controller.ProductController - Received request to fetch orders for userId: 3
2025-08-10 11:40:23 DEBUG [http-nio-8080-exec-2] o.s.security.web.FilterChainProxy - Securing GET /api/orders/user/3
2025-08-10 11:40:23 DEBUG [http-nio-8080-exec-2] o.s.security.web.FilterChainProxy - Secured GET /api/orders/user/3
2025-08-10 11:40:23 INFO  [http-nio-8080-exec-2] c.m.controller.ProductController - Received request to fetch orders for userId: 3
2025-08-10 11:46:05 INFO  [File Watcher] o.s.b.d.a.LocalDevToolsAutoConfiguration$RestartingClassPathChangeChangedEventListener - Restarting due to 102 class path changes (0 additions, 0 deletions, 102 modifications)
2025-08-10 11:46:05 INFO  [Thread-7] o.s.b.w.e.tomcat.GracefulShutdown - Commencing graceful shutdown. Waiting for active requests to complete
2025-08-10 11:46:06 INFO  [tomcat-shutdown] o.s.b.w.e.tomcat.GracefulShutdown - Graceful shutdown complete
2025-08-10 11:46:06 INFO  [Thread-7] o.s.o.j.LocalContainerEntityManagerFactoryBean - Closing JPA EntityManagerFactory for persistence unit 'default'
2025-08-10 11:46:06 INFO  [Thread-7] com.zaxxer.hikari.HikariDataSource - HikariPool-2 - Shutdown initiated...
2025-08-10 11:46:06 INFO  [Thread-7] com.zaxxer.hikari.HikariDataSource - HikariPool-2 - Shutdown completed.
2025-08-10 11:46:06 INFO  [restartedMain] c.mazoraapp.MazoraBackendApplication - Starting MazoraBackendApplication using Java 17.0.2 with PID 4640 (E:\SpringBootWorkLatestAug25\mazora-backend\target\classes started by Mahboob in E:\SpringBootWorkLatestAug25\mazora-backend)
2025-08-10 11:46:06 INFO  [restartedMain] c.mazoraapp.MazoraBackendApplication - The following 1 profile is active: "dev"
2025-08-10 11:46:06 INFO  [restartedMain] o.s.d.r.c.RepositoryConfigurationDelegate - Bootstrapping Spring Data JPA repositories in DEFAULT mode.
2025-08-10 11:46:06 INFO  [restartedMain] o.s.d.r.c.RepositoryConfigurationDelegate - Finished Spring Data repository scanning in 30 ms. Found 5 JPA repository interfaces.
2025-08-10 11:46:07 INFO  [restartedMain] o.s.b.w.e.tomcat.TomcatWebServer - Tomcat initialized with port 8080 (http)
2025-08-10 11:46:07 INFO  [restartedMain] o.a.catalina.core.StandardService - Starting service [Tomcat]
2025-08-10 11:46:07 INFO  [restartedMain] o.a.catalina.core.StandardEngine - Starting Servlet engine: [Apache Tomcat/10.1.42]
2025-08-10 11:46:07 INFO  [restartedMain] o.a.c.c.C.[Tomcat].[localhost].[/] - Initializing Spring embedded WebApplicationContext
2025-08-10 11:46:07 INFO  [restartedMain] o.s.b.w.s.c.ServletWebServerApplicationContext - Root WebApplicationContext: initialization completed in 582 ms
2025-08-10 11:46:07 INFO  [restartedMain] o.h.jpa.internal.util.LogHelper - HHH000204: Processing PersistenceUnitInfo [name: default]
2025-08-10 11:46:07 INFO  [restartedMain] o.h.c.i.RegionFactoryInitiator - HHH000026: Second-level cache disabled
2025-08-10 11:46:07 INFO  [restartedMain] o.s.o.j.p.SpringPersistenceUnitInfo - No LoadTimeWeaver setup: ignoring JPA class transformer
2025-08-10 11:46:07 INFO  [restartedMain] com.zaxxer.hikari.HikariDataSource - HikariPool-3 - Starting...
2025-08-10 11:46:07 INFO  [restartedMain] com.zaxxer.hikari.pool.HikariPool - HikariPool-3 - Added connection com.mysql.cj.jdbc.ConnectionImpl@3b63eaf7
2025-08-10 11:46:07 INFO  [restartedMain] com.zaxxer.hikari.HikariDataSource - HikariPool-3 - Start completed.
2025-08-10 11:46:07 WARN  [restartedMain] org.hibernate.orm.deprecation - HHH90000025: MySQL8Dialect does not need to be specified explicitly using 'hibernate.dialect' (remove the property setting and it will be selected by default)
2025-08-10 11:46:07 WARN  [restartedMain] org.hibernate.orm.deprecation - HHH90000026: MySQL8Dialect has been deprecated; use org.hibernate.dialect.MySQLDialect instead
2025-08-10 11:46:07 INFO  [restartedMain] o.hibernate.orm.connections.pooling - HHH10001005: Database info:
	Database JDBC URL [Connecting through datasource 'HikariDataSource (HikariPool-3)']
	Database driver: undefined/unknown
	Database version: 8.0
	Autocommit mode: undefined/unknown
	Isolation level: undefined/unknown
	Minimum pool size: undefined/unknown
	Maximum pool size: undefined/unknown
2025-08-10 11:46:07 INFO  [restartedMain] o.h.e.t.j.p.i.JtaPlatformInitiator - HHH000489: No JTA platform available (set 'hibernate.transaction.jta.platform' to enable JTA platform integration)
2025-08-10 11:46:07 INFO  [restartedMain] o.s.o.j.LocalContainerEntityManagerFactoryBean - Initialized JPA EntityManagerFactory for persistence unit 'default'
2025-08-10 11:46:07 WARN  [restartedMain] o.s.b.a.o.j.JpaBaseConfiguration$JpaWebConfiguration - spring.jpa.open-in-view is enabled by default. Therefore, database queries may be performed during view rendering. Explicitly configure spring.jpa.open-in-view to disable this warning
2025-08-10 11:46:08 INFO  [restartedMain] o.s.s.c.a.a.c.InitializeAuthenticationProviderBeanManagerConfigurer$InitializeAuthenticationProviderManagerConfigurer - Global AuthenticationManager configured with AuthenticationProvider bean with name authenticationProvider
2025-08-10 11:46:08 WARN  [restartedMain] o.s.s.c.a.a.c.InitializeUserDetailsBeanManagerConfigurer$InitializeUserDetailsManagerConfigurer - Global AuthenticationManager configured with an AuthenticationProvider bean. UserDetailsService beans will not be used by Spring Security for automatically configuring username/password login. Consider removing the AuthenticationProvider bean. Alternatively, consider using the UserDetailsService in a manually instantiated DaoAuthenticationProvider. If the current configuration is intentional, to turn off this warning, increase the logging level of 'org.springframework.security.config.annotation.authentication.configuration.InitializeUserDetailsBeanManagerConfigurer' to ERROR
2025-08-10 11:46:08 DEBUG [restartedMain] o.s.s.web.DefaultSecurityFilterChain - Will secure any request with filters: DisableEncodeUrlFilter, WebAsyncManagerIntegrationFilter, SecurityContextHolderFilter, HeaderWriterFilter, CorsFilter, LogoutFilter, JwtAuthenticationFilter, RequestCacheAwareFilter, SecurityContextHolderAwareRequestFilter, AnonymousAuthenticationFilter, SessionManagementFilter, ExceptionTranslationFilter, AuthorizationFilter
2025-08-10 11:46:08 INFO  [restartedMain] o.s.b.d.a.OptionalLiveReloadServer - LiveReload server is running on port 35729
2025-08-10 11:46:08 INFO  [restartedMain] o.s.b.w.e.tomcat.TomcatWebServer - Tomcat started on port 8080 (http) with context path '/'
2025-08-10 11:46:08 INFO  [restartedMain] c.mazoraapp.MazoraBackendApplication - Started MazoraBackendApplication in 1.953 seconds (process running for 2273.453)
2025-08-10 11:46:08 INFO  [restartedMain] o.s.b.d.a.ConditionEvaluationDeltaLoggingListener - Condition evaluation unchanged
2025-08-10 11:46:40 INFO  [File Watcher] o.s.b.d.a.LocalDevToolsAutoConfiguration$RestartingClassPathChangeChangedEventListener - Restarting due to 1 class path change (0 additions, 0 deletions, 1 modification)
2025-08-10 11:46:40 INFO  [Thread-11] o.s.b.w.e.tomcat.GracefulShutdown - Commencing graceful shutdown. Waiting for active requests to complete
2025-08-10 11:46:40 INFO  [tomcat-shutdown] o.s.b.w.e.tomcat.GracefulShutdown - Graceful shutdown complete
2025-08-10 11:46:40 INFO  [Thread-11] o.s.o.j.LocalContainerEntityManagerFactoryBean - Closing JPA EntityManagerFactory for persistence unit 'default'
2025-08-10 11:46:40 INFO  [Thread-11] com.zaxxer.hikari.HikariDataSource - HikariPool-3 - Shutdown initiated...
2025-08-10 11:46:40 INFO  [Thread-11] com.zaxxer.hikari.HikariDataSource - HikariPool-3 - Shutdown completed.
2025-08-10 11:46:40 INFO  [restartedMain] c.mazoraapp.MazoraBackendApplication - Starting MazoraBackendApplication using Java 17.0.2 with PID 4640 (E:\SpringBootWorkLatestAug25\mazora-backend\target\classes started by Mahboob in E:\SpringBootWorkLatestAug25\mazora-backend)
2025-08-10 11:46:40 INFO  [restartedMain] c.mazoraapp.MazoraBackendApplication - The following 1 profile is active: "dev"
2025-08-10 11:46:41 INFO  [restartedMain] o.s.d.r.c.RepositoryConfigurationDelegate - Bootstrapping Spring Data JPA repositories in DEFAULT mode.
2025-08-10 11:46:41 INFO  [restartedMain] o.s.d.r.c.RepositoryConfigurationDelegate - Finished Spring Data repository scanning in 25 ms. Found 5 JPA repository interfaces.
2025-08-10 11:46:41 INFO  [restartedMain] o.s.b.w.e.tomcat.TomcatWebServer - Tomcat initialized with port 8080 (http)
2025-08-10 11:46:41 INFO  [restartedMain] o.a.catalina.core.StandardService - Starting service [Tomcat]
2025-08-10 11:46:41 INFO  [restartedMain] o.a.catalina.core.StandardEngine - Starting Servlet engine: [Apache Tomcat/10.1.42]
2025-08-10 11:46:41 INFO  [restartedMain] o.a.c.c.C.[Tomcat].[localhost].[/] - Initializing Spring embedded WebApplicationContext
2025-08-10 11:46:41 INFO  [restartedMain] o.s.b.w.s.c.ServletWebServerApplicationContext - Root WebApplicationContext: initialization completed in 444 ms
2025-08-10 11:46:41 INFO  [restartedMain] o.h.jpa.internal.util.LogHelper - HHH000204: Processing PersistenceUnitInfo [name: default]
2025-08-10 11:46:41 INFO  [restartedMain] o.h.c.i.RegionFactoryInitiator - HHH000026: Second-level cache disabled
2025-08-10 11:46:41 INFO  [restartedMain] o.s.o.j.p.SpringPersistenceUnitInfo - No LoadTimeWeaver setup: ignoring JPA class transformer
2025-08-10 11:46:41 INFO  [restartedMain] com.zaxxer.hikari.HikariDataSource - HikariPool-4 - Starting...
2025-08-10 11:46:41 INFO  [restartedMain] com.zaxxer.hikari.pool.HikariPool - HikariPool-4 - Added connection com.mysql.cj.jdbc.ConnectionImpl@f084c52
2025-08-10 11:46:41 INFO  [restartedMain] com.zaxxer.hikari.HikariDataSource - HikariPool-4 - Start completed.
2025-08-10 11:46:41 WARN  [restartedMain] org.hibernate.orm.deprecation - HHH90000025: MySQL8Dialect does not need to be specified explicitly using 'hibernate.dialect' (remove the property setting and it will be selected by default)
2025-08-10 11:46:41 WARN  [restartedMain] org.hibernate.orm.deprecation - HHH90000026: MySQL8Dialect has been deprecated; use org.hibernate.dialect.MySQLDialect instead
2025-08-10 11:46:41 INFO  [restartedMain] o.hibernate.orm.connections.pooling - HHH10001005: Database info:
	Database JDBC URL [Connecting through datasource 'HikariDataSource (HikariPool-4)']
	Database driver: undefined/unknown
	Database version: 8.0
	Autocommit mode: undefined/unknown
	Isolation level: undefined/unknown
	Minimum pool size: undefined/unknown
	Maximum pool size: undefined/unknown
2025-08-10 11:46:41 INFO  [restartedMain] o.h.e.t.j.p.i.JtaPlatformInitiator - HHH000489: No JTA platform available (set 'hibernate.transaction.jta.platform' to enable JTA platform integration)
2025-08-10 11:46:41 INFO  [restartedMain] o.s.o.j.LocalContainerEntityManagerFactoryBean - Initialized JPA EntityManagerFactory for persistence unit 'default'
2025-08-10 11:46:41 WARN  [restartedMain] o.s.b.a.o.j.JpaBaseConfiguration$JpaWebConfiguration - spring.jpa.open-in-view is enabled by default. Therefore, database queries may be performed during view rendering. Explicitly configure spring.jpa.open-in-view to disable this warning
2025-08-10 11:46:41 INFO  [restartedMain] o.s.s.c.a.a.c.InitializeAuthenticationProviderBeanManagerConfigurer$InitializeAuthenticationProviderManagerConfigurer - Global AuthenticationManager configured with AuthenticationProvider bean with name authenticationProvider
2025-08-10 11:46:41 WARN  [restartedMain] o.s.s.c.a.a.c.InitializeUserDetailsBeanManagerConfigurer$InitializeUserDetailsManagerConfigurer - Global AuthenticationManager configured with an AuthenticationProvider bean. UserDetailsService beans will not be used by Spring Security for automatically configuring username/password login. Consider removing the AuthenticationProvider bean. Alternatively, consider using the UserDetailsService in a manually instantiated DaoAuthenticationProvider. If the current configuration is intentional, to turn off this warning, increase the logging level of 'org.springframework.security.config.annotation.authentication.configuration.InitializeUserDetailsBeanManagerConfigurer' to ERROR
2025-08-10 11:46:41 DEBUG [restartedMain] o.s.s.web.DefaultSecurityFilterChain - Will secure any request with filters: DisableEncodeUrlFilter, WebAsyncManagerIntegrationFilter, SecurityContextHolderFilter, HeaderWriterFilter, CorsFilter, LogoutFilter, JwtAuthenticationFilter, RequestCacheAwareFilter, SecurityContextHolderAwareRequestFilter, AnonymousAuthenticationFilter, SessionManagementFilter, ExceptionTranslationFilter, AuthorizationFilter
2025-08-10 11:46:41 INFO  [restartedMain] o.s.b.d.a.OptionalLiveReloadServer - LiveReload server is running on port 35729
2025-08-10 11:46:42 INFO  [restartedMain] o.s.b.w.e.tomcat.TomcatWebServer - Tomcat started on port 8080 (http) with context path '/'
2025-08-10 11:46:42 INFO  [restartedMain] c.mazoraapp.MazoraBackendApplication - Started MazoraBackendApplication in 1.102 seconds (process running for 2307.06)
2025-08-10 11:46:42 INFO  [restartedMain] o.s.b.d.a.ConditionEvaluationDeltaLoggingListener - Condition evaluation unchanged
2025-08-10 11:46:53 INFO  [File Watcher] o.s.b.d.a.LocalDevToolsAutoConfiguration$RestartingClassPathChangeChangedEventListener - Restarting due to 1 class path change (0 additions, 0 deletions, 1 modification)
2025-08-10 11:46:53 INFO  [Thread-15] o.s.b.w.e.tomcat.GracefulShutdown - Commencing graceful shutdown. Waiting for active requests to complete
2025-08-10 11:46:53 INFO  [tomcat-shutdown] o.s.b.w.e.tomcat.GracefulShutdown - Graceful shutdown complete
2025-08-10 11:46:53 INFO  [Thread-15] o.s.o.j.LocalContainerEntityManagerFactoryBean - Closing JPA EntityManagerFactory for persistence unit 'default'
2025-08-10 11:46:53 INFO  [Thread-15] com.zaxxer.hikari.HikariDataSource - HikariPool-4 - Shutdown initiated...
2025-08-10 11:46:53 INFO  [Thread-15] com.zaxxer.hikari.HikariDataSource - HikariPool-4 - Shutdown completed.
2025-08-10 11:46:53 INFO  [restartedMain] c.mazoraapp.MazoraBackendApplication - Starting MazoraBackendApplication using Java 17.0.2 with PID 4640 (E:\SpringBootWorkLatestAug25\mazora-backend\target\classes started by Mahboob in E:\SpringBootWorkLatestAug25\mazora-backend)
2025-08-10 11:46:53 INFO  [restartedMain] c.mazoraapp.MazoraBackendApplication - The following 1 profile is active: "dev"
2025-08-10 11:46:54 INFO  [restartedMain] o.s.d.r.c.RepositoryConfigurationDelegate - Bootstrapping Spring Data JPA repositories in DEFAULT mode.
2025-08-10 11:46:54 INFO  [restartedMain] o.s.d.r.c.RepositoryConfigurationDelegate - Finished Spring Data repository scanning in 25 ms. Found 5 JPA repository interfaces.
2025-08-10 11:46:54 INFO  [restartedMain] o.s.b.w.e.tomcat.TomcatWebServer - Tomcat initialized with port 8080 (http)
2025-08-10 11:46:54 INFO  [restartedMain] o.a.catalina.core.StandardService - Starting service [Tomcat]
2025-08-10 11:46:54 INFO  [restartedMain] o.a.catalina.core.StandardEngine - Starting Servlet engine: [Apache Tomcat/10.1.42]
2025-08-10 11:46:54 INFO  [restartedMain] o.a.c.c.C.[Tomcat].[localhost].[/] - Initializing Spring embedded WebApplicationContext
2025-08-10 11:46:54 INFO  [restartedMain] o.s.b.w.s.c.ServletWebServerApplicationContext - Root WebApplicationContext: initialization completed in 415 ms
2025-08-10 11:46:54 INFO  [restartedMain] o.h.jpa.internal.util.LogHelper - HHH000204: Processing PersistenceUnitInfo [name: default]
2025-08-10 11:46:54 INFO  [restartedMain] o.h.c.i.RegionFactoryInitiator - HHH000026: Second-level cache disabled
2025-08-10 11:46:54 INFO  [restartedMain] o.s.o.j.p.SpringPersistenceUnitInfo - No LoadTimeWeaver setup: ignoring JPA class transformer
2025-08-10 11:46:54 INFO  [restartedMain] com.zaxxer.hikari.HikariDataSource - HikariPool-5 - Starting...
2025-08-10 11:46:54 INFO  [restartedMain] com.zaxxer.hikari.pool.HikariPool - HikariPool-5 - Added connection com.mysql.cj.jdbc.ConnectionImpl@4f0d45f0
2025-08-10 11:46:54 INFO  [restartedMain] com.zaxxer.hikari.HikariDataSource - HikariPool-5 - Start completed.
2025-08-10 11:46:54 WARN  [restartedMain] org.hibernate.orm.deprecation - HHH90000025: MySQL8Dialect does not need to be specified explicitly using 'hibernate.dialect' (remove the property setting and it will be selected by default)
2025-08-10 11:46:54 WARN  [restartedMain] org.hibernate.orm.deprecation - HHH90000026: MySQL8Dialect has been deprecated; use org.hibernate.dialect.MySQLDialect instead
2025-08-10 11:46:54 INFO  [restartedMain] o.hibernate.orm.connections.pooling - HHH10001005: Database info:
	Database JDBC URL [Connecting through datasource 'HikariDataSource (HikariPool-5)']
	Database driver: undefined/unknown
	Database version: 8.0
	Autocommit mode: undefined/unknown
	Isolation level: undefined/unknown
	Minimum pool size: undefined/unknown
	Maximum pool size: undefined/unknown
2025-08-10 11:46:54 INFO  [restartedMain] o.h.e.t.j.p.i.JtaPlatformInitiator - HHH000489: No JTA platform available (set 'hibernate.transaction.jta.platform' to enable JTA platform integration)
2025-08-10 11:46:54 INFO  [restartedMain] o.s.o.j.LocalContainerEntityManagerFactoryBean - Initialized JPA EntityManagerFactory for persistence unit 'default'
2025-08-10 11:46:54 WARN  [restartedMain] o.s.b.a.o.j.JpaBaseConfiguration$JpaWebConfiguration - spring.jpa.open-in-view is enabled by default. Therefore, database queries may be performed during view rendering. Explicitly configure spring.jpa.open-in-view to disable this warning
2025-08-10 11:46:54 INFO  [restartedMain] o.s.s.c.a.a.c.InitializeAuthenticationProviderBeanManagerConfigurer$InitializeAuthenticationProviderManagerConfigurer - Global AuthenticationManager configured with AuthenticationProvider bean with name authenticationProvider
2025-08-10 11:46:54 WARN  [restartedMain] o.s.s.c.a.a.c.InitializeUserDetailsBeanManagerConfigurer$InitializeUserDetailsManagerConfigurer - Global AuthenticationManager configured with an AuthenticationProvider bean. UserDetailsService beans will not be used by Spring Security for automatically configuring username/password login. Consider removing the AuthenticationProvider bean. Alternatively, consider using the UserDetailsService in a manually instantiated DaoAuthenticationProvider. If the current configuration is intentional, to turn off this warning, increase the logging level of 'org.springframework.security.config.annotation.authentication.configuration.InitializeUserDetailsBeanManagerConfigurer' to ERROR
2025-08-10 11:46:54 DEBUG [restartedMain] o.s.s.web.DefaultSecurityFilterChain - Will secure any request with filters: DisableEncodeUrlFilter, WebAsyncManagerIntegrationFilter, SecurityContextHolderFilter, HeaderWriterFilter, CorsFilter, LogoutFilter, JwtAuthenticationFilter, RequestCacheAwareFilter, SecurityContextHolderAwareRequestFilter, AnonymousAuthenticationFilter, SessionManagementFilter, ExceptionTranslationFilter, AuthorizationFilter
2025-08-10 11:46:54 INFO  [restartedMain] o.s.b.d.a.OptionalLiveReloadServer - LiveReload server is running on port 35729
2025-08-10 11:46:54 INFO  [restartedMain] o.s.b.w.e.tomcat.TomcatWebServer - Tomcat started on port 8080 (http) with context path '/'
2025-08-10 11:46:54 INFO  [restartedMain] c.mazoraapp.MazoraBackendApplication - Started MazoraBackendApplication in 1.03 seconds (process running for 2319.858)
2025-08-10 11:46:54 INFO  [restartedMain] o.s.b.d.a.ConditionEvaluationDeltaLoggingListener - Condition evaluation unchanged
2025-08-10 11:47:07 INFO  [http-nio-8080-exec-2] o.a.c.c.C.[Tomcat].[localhost].[/] - Initializing Spring DispatcherServlet 'dispatcherServlet'
2025-08-10 11:47:07 INFO  [http-nio-8080-exec-2] o.s.web.servlet.DispatcherServlet - Initializing Servlet 'dispatcherServlet'
2025-08-10 11:47:07 INFO  [http-nio-8080-exec-2] o.s.web.servlet.DispatcherServlet - Completed initialization in 2 ms
2025-08-10 11:47:07 DEBUG [http-nio-8080-exec-2] o.s.security.web.FilterChainProxy - Securing GET /api/orders/user/3
2025-08-10 11:47:07 DEBUG [http-nio-8080-exec-1] o.s.security.web.FilterChainProxy - Securing GET /api/visits/footer
2025-08-10 11:47:07 DEBUG [http-nio-8080-exec-1] o.s.s.w.a.AnonymousAuthenticationFilter - Set SecurityContextHolder to anonymous SecurityContext
2025-08-10 11:47:07 DEBUG [http-nio-8080-exec-1] o.s.security.web.FilterChainProxy - Secured GET /api/visits/footer
2025-08-10 11:47:07 DEBUG [http-nio-8080-exec-3] o.s.security.web.FilterChainProxy - Securing GET /api/visits/footer
2025-08-10 11:47:07 DEBUG [http-nio-8080-exec-3] o.s.s.w.a.AnonymousAuthenticationFilter - Set SecurityContextHolder to anonymous SecurityContext
2025-08-10 11:47:07 DEBUG [http-nio-8080-exec-3] o.s.security.web.FilterChainProxy - Secured GET /api/visits/footer
2025-08-10 11:47:07 DEBUG [http-nio-8080-exec-2] o.s.security.web.FilterChainProxy - Secured GET /api/orders/user/3
2025-08-10 11:47:07 INFO  [http-nio-8080-exec-2] c.m.controller.ProductController - Received request to fetch orders for userId: 3
2025-08-10 11:47:07 DEBUG [http-nio-8080-exec-4] o.s.security.web.FilterChainProxy - Securing GET /api/orders/user/3
2025-08-10 11:47:07 DEBUG [http-nio-8080-exec-4] o.s.security.web.FilterChainProxy - Secured GET /api/orders/user/3
2025-08-10 11:47:07 INFO  [http-nio-8080-exec-4] c.m.controller.ProductController - Received request to fetch orders for userId: 3
2025-08-10 11:55:16 INFO  [File Watcher] o.s.b.d.a.LocalDevToolsAutoConfiguration$RestartingClassPathChangeChangedEventListener - Restarting due to 102 class path changes (0 additions, 0 deletions, 102 modifications)
2025-08-10 11:55:16 INFO  [Thread-19] o.s.b.w.e.tomcat.GracefulShutdown - Commencing graceful shutdown. Waiting for active requests to complete
2025-08-10 11:55:17 INFO  [tomcat-shutdown] o.s.b.w.e.tomcat.GracefulShutdown - Graceful shutdown complete
2025-08-10 11:55:17 INFO  [Thread-19] o.s.o.j.LocalContainerEntityManagerFactoryBean - Closing JPA EntityManagerFactory for persistence unit 'default'
2025-08-10 11:55:17 INFO  [Thread-19] com.zaxxer.hikari.HikariDataSource - HikariPool-5 - Shutdown initiated...
2025-08-10 11:55:17 INFO  [Thread-19] com.zaxxer.hikari.HikariDataSource - HikariPool-5 - Shutdown completed.
2025-08-10 11:55:17 INFO  [restartedMain] c.mazoraapp.MazoraBackendApplication - Starting MazoraBackendApplication using Java 17.0.2 with PID 4640 (E:\SpringBootWorkLatestAug25\mazora-backend\target\classes started by Mahboob in E:\SpringBootWorkLatestAug25\mazora-backend)
2025-08-10 11:55:17 INFO  [restartedMain] c.mazoraapp.MazoraBackendApplication - The following 1 profile is active: "dev"
2025-08-10 11:55:17 INFO  [restartedMain] o.s.d.r.c.RepositoryConfigurationDelegate - Bootstrapping Spring Data JPA repositories in DEFAULT mode.
2025-08-10 11:55:17 INFO  [restartedMain] o.s.d.r.c.RepositoryConfigurationDelegate - Finished Spring Data repository scanning in 30 ms. Found 5 JPA repository interfaces.
2025-08-10 11:55:17 INFO  [restartedMain] o.s.b.w.e.tomcat.TomcatWebServer - Tomcat initialized with port 8080 (http)
2025-08-10 11:55:17 INFO  [restartedMain] o.a.catalina.core.StandardService - Starting service [Tomcat]
2025-08-10 11:55:17 INFO  [restartedMain] o.a.catalina.core.StandardEngine - Starting Servlet engine: [Apache Tomcat/10.1.42]
2025-08-10 11:55:17 INFO  [restartedMain] o.a.c.c.C.[Tomcat].[localhost].[/] - Initializing Spring embedded WebApplicationContext
2025-08-10 11:55:17 INFO  [restartedMain] o.s.b.w.s.c.ServletWebServerApplicationContext - Root WebApplicationContext: initialization completed in 573 ms
2025-08-10 11:55:18 INFO  [restartedMain] o.h.jpa.internal.util.LogHelper - HHH000204: Processing PersistenceUnitInfo [name: default]
2025-08-10 11:55:18 INFO  [restartedMain] o.h.c.i.RegionFactoryInitiator - HHH000026: Second-level cache disabled
2025-08-10 11:55:18 INFO  [restartedMain] o.s.o.j.p.SpringPersistenceUnitInfo - No LoadTimeWeaver setup: ignoring JPA class transformer
2025-08-10 11:55:18 INFO  [restartedMain] com.zaxxer.hikari.HikariDataSource - HikariPool-6 - Starting...
2025-08-10 11:55:18 INFO  [restartedMain] com.zaxxer.hikari.pool.HikariPool - HikariPool-6 - Added connection com.mysql.cj.jdbc.ConnectionImpl@68dca596
2025-08-10 11:55:18 INFO  [restartedMain] com.zaxxer.hikari.HikariDataSource - HikariPool-6 - Start completed.
2025-08-10 11:55:18 WARN  [restartedMain] org.hibernate.orm.deprecation - HHH90000025: MySQL8Dialect does not need to be specified explicitly using 'hibernate.dialect' (remove the property setting and it will be selected by default)
2025-08-10 11:55:18 WARN  [restartedMain] org.hibernate.orm.deprecation - HHH90000026: MySQL8Dialect has been deprecated; use org.hibernate.dialect.MySQLDialect instead
2025-08-10 11:55:18 INFO  [restartedMain] o.hibernate.orm.connections.pooling - HHH10001005: Database info:
	Database JDBC URL [Connecting through datasource 'HikariDataSource (HikariPool-6)']
	Database driver: undefined/unknown
	Database version: 8.0
	Autocommit mode: undefined/unknown
	Isolation level: undefined/unknown
	Minimum pool size: undefined/unknown
	Maximum pool size: undefined/unknown
2025-08-10 11:55:18 INFO  [restartedMain] o.h.e.t.j.p.i.JtaPlatformInitiator - HHH000489: No JTA platform available (set 'hibernate.transaction.jta.platform' to enable JTA platform integration)
2025-08-10 11:55:18 INFO  [restartedMain] o.s.o.j.LocalContainerEntityManagerFactoryBean - Initialized JPA EntityManagerFactory for persistence unit 'default'
2025-08-10 11:55:18 WARN  [restartedMain] o.s.b.a.o.j.JpaBaseConfiguration$JpaWebConfiguration - spring.jpa.open-in-view is enabled by default. Therefore, database queries may be performed during view rendering. Explicitly configure spring.jpa.open-in-view to disable this warning
2025-08-10 11:55:18 INFO  [restartedMain] o.s.s.c.a.a.c.InitializeAuthenticationProviderBeanManagerConfigurer$InitializeAuthenticationProviderManagerConfigurer - Global AuthenticationManager configured with AuthenticationProvider bean with name authenticationProvider
2025-08-10 11:55:18 WARN  [restartedMain] o.s.s.c.a.a.c.InitializeUserDetailsBeanManagerConfigurer$InitializeUserDetailsManagerConfigurer - Global AuthenticationManager configured with an AuthenticationProvider bean. UserDetailsService beans will not be used by Spring Security for automatically configuring username/password login. Consider removing the AuthenticationProvider bean. Alternatively, consider using the UserDetailsService in a manually instantiated DaoAuthenticationProvider. If the current configuration is intentional, to turn off this warning, increase the logging level of 'org.springframework.security.config.annotation.authentication.configuration.InitializeUserDetailsBeanManagerConfigurer' to ERROR
2025-08-10 11:55:18 DEBUG [restartedMain] o.s.s.web.DefaultSecurityFilterChain - Will secure any request with filters: DisableEncodeUrlFilter, WebAsyncManagerIntegrationFilter, SecurityContextHolderFilter, HeaderWriterFilter, CorsFilter, LogoutFilter, JwtAuthenticationFilter, RequestCacheAwareFilter, SecurityContextHolderAwareRequestFilter, AnonymousAuthenticationFilter, SessionManagementFilter, ExceptionTranslationFilter, AuthorizationFilter
2025-08-10 11:55:19 INFO  [restartedMain] o.s.b.d.a.OptionalLiveReloadServer - LiveReload server is running on port 35729
2025-08-10 11:55:19 INFO  [restartedMain] o.s.b.w.e.tomcat.TomcatWebServer - Tomcat started on port 8080 (http) with context path '/'
2025-08-10 11:55:19 INFO  [restartedMain] c.mazoraapp.MazoraBackendApplication - Started MazoraBackendApplication in 1.755 seconds (process running for 2824.165)
2025-08-10 11:55:19 INFO  [restartedMain] o.s.b.d.a.ConditionEvaluationDeltaLoggingListener - Condition evaluation unchanged
2025-08-10 11:55:32 INFO  [http-nio-8080-exec-1] o.a.c.c.C.[Tomcat].[localhost].[/] - Initializing Spring DispatcherServlet 'dispatcherServlet'
2025-08-10 11:55:32 INFO  [http-nio-8080-exec-1] o.s.web.servlet.DispatcherServlet - Initializing Servlet 'dispatcherServlet'
2025-08-10 11:55:32 INFO  [http-nio-8080-exec-1] o.s.web.servlet.DispatcherServlet - Completed initialization in 5 ms
2025-08-10 11:55:32 DEBUG [http-nio-8080-exec-2] o.s.security.web.FilterChainProxy - Securing GET /api/visits/footer
2025-08-10 11:55:32 DEBUG [http-nio-8080-exec-2] o.s.s.w.a.AnonymousAuthenticationFilter - Set SecurityContextHolder to anonymous SecurityContext
2025-08-10 11:55:32 DEBUG [http-nio-8080-exec-1] o.s.security.web.FilterChainProxy - Securing GET /api/orders/user/3
2025-08-10 11:55:32 DEBUG [http-nio-8080-exec-2] o.s.security.web.FilterChainProxy - Secured GET /api/visits/footer
2025-08-10 11:55:32 DEBUG [http-nio-8080-exec-3] o.s.security.web.FilterChainProxy - Securing GET /api/visits/footer
2025-08-10 11:55:32 DEBUG [http-nio-8080-exec-3] o.s.s.w.a.AnonymousAuthenticationFilter - Set SecurityContextHolder to anonymous SecurityContext
2025-08-10 11:55:32 DEBUG [http-nio-8080-exec-3] o.s.security.web.FilterChainProxy - Secured GET /api/visits/footer
2025-08-10 11:55:32 DEBUG [http-nio-8080-exec-1] o.s.security.web.FilterChainProxy - Secured GET /api/orders/user/3
2025-08-10 11:55:32 INFO  [http-nio-8080-exec-1] c.m.controller.ProductController - Received request to fetch orders for userId: 3
2025-08-10 11:55:32 DEBUG [http-nio-8080-exec-4] o.s.security.web.FilterChainProxy - Securing GET /api/orders/user/3
2025-08-10 11:55:32 DEBUG [http-nio-8080-exec-4] o.s.security.web.FilterChainProxy - Secured GET /api/orders/user/3
2025-08-10 11:55:32 INFO  [http-nio-8080-exec-4] c.m.controller.ProductController - Received request to fetch orders for userId: 3
2025-08-10 11:56:05 DEBUG [http-nio-8080-exec-5] o.s.security.web.FilterChainProxy - Securing GET /api/orders/user/3
2025-08-10 11:56:05 DEBUG [http-nio-8080-exec-6] o.s.security.web.FilterChainProxy - Securing GET /api/visits/footer
2025-08-10 11:56:05 DEBUG [http-nio-8080-exec-6] o.s.s.w.a.AnonymousAuthenticationFilter - Set SecurityContextHolder to anonymous SecurityContext
2025-08-10 11:56:05 DEBUG [http-nio-8080-exec-6] o.s.security.web.FilterChainProxy - Secured GET /api/visits/footer
2025-08-10 11:56:05 DEBUG [http-nio-8080-exec-5] o.s.security.web.FilterChainProxy - Secured GET /api/orders/user/3
2025-08-10 11:56:05 DEBUG [http-nio-8080-exec-7] o.s.security.web.FilterChainProxy - Securing GET /api/visits/footer
2025-08-10 11:56:05 DEBUG [http-nio-8080-exec-7] o.s.s.w.a.AnonymousAuthenticationFilter - Set SecurityContextHolder to anonymous SecurityContext
2025-08-10 11:56:05 DEBUG [http-nio-8080-exec-7] o.s.security.web.FilterChainProxy - Secured GET /api/visits/footer
2025-08-10 11:56:05 INFO  [http-nio-8080-exec-5] c.m.controller.ProductController - Received request to fetch orders for userId: 3
2025-08-10 11:56:05 DEBUG [http-nio-8080-exec-8] o.s.security.web.FilterChainProxy - Securing GET /api/orders/user/3
2025-08-10 11:56:05 DEBUG [http-nio-8080-exec-8] o.s.security.web.FilterChainProxy - Secured GET /api/orders/user/3
2025-08-10 11:56:05 INFO  [http-nio-8080-exec-8] c.m.controller.ProductController - Received request to fetch orders for userId: 3
2025-08-10 11:57:32 INFO  [File Watcher] o.s.b.d.a.LocalDevToolsAutoConfiguration$RestartingClassPathChangeChangedEventListener - Restarting due to 1 class path change (0 additions, 0 deletions, 1 modification)
2025-08-10 11:57:32 INFO  [Thread-23] o.s.b.w.e.tomcat.GracefulShutdown - Commencing graceful shutdown. Waiting for active requests to complete
2025-08-10 11:57:33 INFO  [tomcat-shutdown] o.s.b.w.e.tomcat.GracefulShutdown - Graceful shutdown complete
2025-08-10 11:57:33 INFO  [Thread-23] o.s.o.j.LocalContainerEntityManagerFactoryBean - Closing JPA EntityManagerFactory for persistence unit 'default'
2025-08-10 11:57:33 INFO  [Thread-23] com.zaxxer.hikari.HikariDataSource - HikariPool-6 - Shutdown initiated...
2025-08-10 11:57:33 INFO  [Thread-23] com.zaxxer.hikari.HikariDataSource - HikariPool-6 - Shutdown completed.
2025-08-10 11:57:33 INFO  [restartedMain] c.mazoraapp.MazoraBackendApplication - Starting MazoraBackendApplication using Java 17.0.2 with PID 4640 (E:\SpringBootWorkLatestAug25\mazora-backend\target\classes started by Mahboob in E:\SpringBootWorkLatestAug25\mazora-backend)
2025-08-10 11:57:33 INFO  [restartedMain] c.mazoraapp.MazoraBackendApplication - The following 1 profile is active: "dev"
2025-08-10 11:57:33 INFO  [restartedMain] o.s.d.r.c.RepositoryConfigurationDelegate - Bootstrapping Spring Data JPA repositories in DEFAULT mode.
2025-08-10 11:57:33 INFO  [restartedMain] o.s.d.r.c.RepositoryConfigurationDelegate - Finished Spring Data repository scanning in 21 ms. Found 5 JPA repository interfaces.
2025-08-10 11:57:33 INFO  [restartedMain] o.s.b.w.e.tomcat.TomcatWebServer - Tomcat initialized with port 8080 (http)
2025-08-10 11:57:33 INFO  [restartedMain] o.a.catalina.core.StandardService - Starting service [Tomcat]
2025-08-10 11:57:33 INFO  [restartedMain] o.a.catalina.core.StandardEngine - Starting Servlet engine: [Apache Tomcat/10.1.42]
2025-08-10 11:57:33 INFO  [restartedMain] o.a.c.c.C.[Tomcat].[localhost].[/] - Initializing Spring embedded WebApplicationContext
2025-08-10 11:57:33 INFO  [restartedMain] o.s.b.w.s.c.ServletWebServerApplicationContext - Root WebApplicationContext: initialization completed in 387 ms
2025-08-10 11:57:33 INFO  [restartedMain] o.h.jpa.internal.util.LogHelper - HHH000204: Processing PersistenceUnitInfo [name: default]
2025-08-10 11:57:33 INFO  [restartedMain] o.h.c.i.RegionFactoryInitiator - HHH000026: Second-level cache disabled
2025-08-10 11:57:33 INFO  [restartedMain] o.s.o.j.p.SpringPersistenceUnitInfo - No LoadTimeWeaver setup: ignoring JPA class transformer
2025-08-10 11:57:33 INFO  [restartedMain] com.zaxxer.hikari.HikariDataSource - HikariPool-7 - Starting...
2025-08-10 11:57:33 INFO  [restartedMain] com.zaxxer.hikari.pool.HikariPool - HikariPool-7 - Added connection com.mysql.cj.jdbc.ConnectionImpl@53b9a87f
2025-08-10 11:57:33 INFO  [restartedMain] com.zaxxer.hikari.HikariDataSource - HikariPool-7 - Start completed.
2025-08-10 11:57:33 WARN  [restartedMain] org.hibernate.orm.deprecation - HHH90000025: MySQL8Dialect does not need to be specified explicitly using 'hibernate.dialect' (remove the property setting and it will be selected by default)
2025-08-10 11:57:33 WARN  [restartedMain] org.hibernate.orm.deprecation - HHH90000026: MySQL8Dialect has been deprecated; use org.hibernate.dialect.MySQLDialect instead
2025-08-10 11:57:33 INFO  [restartedMain] o.hibernate.orm.connections.pooling - HHH10001005: Database info:
	Database JDBC URL [Connecting through datasource 'HikariDataSource (HikariPool-7)']
	Database driver: undefined/unknown
	Database version: 8.0
	Autocommit mode: undefined/unknown
	Isolation level: undefined/unknown
	Minimum pool size: undefined/unknown
	Maximum pool size: undefined/unknown
2025-08-10 11:57:33 INFO  [restartedMain] o.h.e.t.j.p.i.JtaPlatformInitiator - HHH000489: No JTA platform available (set 'hibernate.transaction.jta.platform' to enable JTA platform integration)
2025-08-10 11:57:33 INFO  [restartedMain] o.s.o.j.LocalContainerEntityManagerFactoryBean - Initialized JPA EntityManagerFactory for persistence unit 'default'
2025-08-10 11:57:34 WARN  [restartedMain] o.s.b.a.o.j.JpaBaseConfiguration$JpaWebConfiguration - spring.jpa.open-in-view is enabled by default. Therefore, database queries may be performed during view rendering. Explicitly configure spring.jpa.open-in-view to disable this warning
2025-08-10 11:57:34 INFO  [restartedMain] o.s.s.c.a.a.c.InitializeAuthenticationProviderBeanManagerConfigurer$InitializeAuthenticationProviderManagerConfigurer - Global AuthenticationManager configured with AuthenticationProvider bean with name authenticationProvider
2025-08-10 11:57:34 WARN  [restartedMain] o.s.s.c.a.a.c.InitializeUserDetailsBeanManagerConfigurer$InitializeUserDetailsManagerConfigurer - Global AuthenticationManager configured with an AuthenticationProvider bean. UserDetailsService beans will not be used by Spring Security for automatically configuring username/password login. Consider removing the AuthenticationProvider bean. Alternatively, consider using the UserDetailsService in a manually instantiated DaoAuthenticationProvider. If the current configuration is intentional, to turn off this warning, increase the logging level of 'org.springframework.security.config.annotation.authentication.configuration.InitializeUserDetailsBeanManagerConfigurer' to ERROR
2025-08-10 11:57:34 DEBUG [restartedMain] o.s.s.web.DefaultSecurityFilterChain - Will secure any request with filters: DisableEncodeUrlFilter, WebAsyncManagerIntegrationFilter, SecurityContextHolderFilter, HeaderWriterFilter, CorsFilter, LogoutFilter, JwtAuthenticationFilter, RequestCacheAwareFilter, SecurityContextHolderAwareRequestFilter, AnonymousAuthenticationFilter, SessionManagementFilter, ExceptionTranslationFilter, AuthorizationFilter
2025-08-10 11:57:34 INFO  [restartedMain] o.s.b.d.a.OptionalLiveReloadServer - LiveReload server is running on port 35729
2025-08-10 11:57:34 INFO  [restartedMain] o.s.b.w.e.tomcat.TomcatWebServer - Tomcat started on port 8080 (http) with context path '/'
2025-08-10 11:57:34 INFO  [restartedMain] c.mazoraapp.MazoraBackendApplication - Started MazoraBackendApplication in 1.57 seconds (process running for 2959.801)
2025-08-10 11:57:34 INFO  [restartedMain] o.s.b.d.a.ConditionEvaluationDeltaLoggingListener - Condition evaluation unchanged
2025-08-10 11:58:02 INFO  [File Watcher] o.s.b.d.a.LocalDevToolsAutoConfiguration$RestartingClassPathChangeChangedEventListener - Restarting due to 1 class path change (0 additions, 0 deletions, 1 modification)
2025-08-10 11:58:02 INFO  [Thread-27] o.s.b.w.e.tomcat.GracefulShutdown - Commencing graceful shutdown. Waiting for active requests to complete
2025-08-10 11:58:03 INFO  [tomcat-shutdown] o.s.b.w.e.tomcat.GracefulShutdown - Graceful shutdown complete
2025-08-10 11:58:03 INFO  [Thread-27] o.s.o.j.LocalContainerEntityManagerFactoryBean - Closing JPA EntityManagerFactory for persistence unit 'default'
2025-08-10 11:58:03 INFO  [Thread-27] com.zaxxer.hikari.HikariDataSource - HikariPool-7 - Shutdown initiated...
2025-08-10 11:58:03 INFO  [Thread-27] com.zaxxer.hikari.HikariDataSource - HikariPool-7 - Shutdown completed.
